<?xml version="1.0" encoding="UTF-8"?>
<testrun name="PokerGameAcceptanceTest" project="poker" tests="24" started="24" failures="0" errors="2" ignored="0">
  <testsuite name="cucumber.poker.PokerGameAcceptanceTest" time="0.046">
    <testsuite name="フィーチャ: ポーカーゲーム" time="0.046">
      <testsuite name="役なし" time="0.006">
        <testcase name="前提手札にS1,H4,D6,D8,C3が配られた" classname="前提手札にS1,H4,D6,D8,C3が配られた" time="0.001"/>
        <testcase name="もしチェンジしない" classname="もしチェンジしない" time="0.005"/>
        <testcase name="ならばノーペアであるべき" classname="ならばノーペアであるべき" time="0.0"/>
      </testsuite>
      <testsuite name="シナリオ: ノーチェンジ/ワンペア" time="0.001">
        <testcase name="前提手札にS1,H1,D6,D8,C3が配られた" classname="前提手札にS1,H1,D6,D8,C3が配られた" time="0.0"/>
        <testcase name="もしチェンジしない" classname="もしチェンジしない" time="0.0"/>
        <testcase name="ならば1のワンペアであるべき" classname="ならば1のワンペアであるべき" time="0.0"/>
      </testsuite>
      <testsuite name="シナリオテンプレート: ノーチェンジの場合" time="0.035">
        <testsuite name="例:" time="0.035">
          <testsuite name="| S1,H4,D6,D8,C3 | ノーペア |" time="0.001">
            <testcase name="前提手札にS1,H4,D6,D8,C3が配られた" classname="前提手札にS1,H4,D6,D8,C3が配られた" time="0.001"/>
            <testcase name="もしチェンジしない" classname="もしチェンジしない" time="0.0"/>
            <testcase name="ならばノーペアであるべき" classname="ならばノーペアであるべき" time="0.0"/>
          </testsuite>
          <testsuite name="| S1,S2,S3,S4,C9 | ノーペア |" time="0.002">
            <testcase name="前提手札にS1,S2,S3,S4,C9が配られた" classname="前提手札にS1,S2,S3,S4,C9が配られた" time="0.001"/>
            <testcase name="もしチェンジしない" classname="もしチェンジしない" time="0.001"/>
            <testcase name="ならばノーペアであるべき" classname="ならばノーペアであるべき" time="0.0"/>
          </testsuite>
          <testsuite name="| H1,H4,D2,D8,D9 | ノーペア |" time="0.001">
            <testcase name="前提手札にH1,H4,D2,D8,D9が配られた" classname="前提手札にH1,H4,D2,D8,D9が配られた" time="0.0"/>
            <testcase name="もしチェンジしない" classname="もしチェンジしない" time="0.001"/>
            <testcase name="ならばノーペアであるべき" classname="ならばノーペアであるべき" time="0.0"/>
          </testsuite>
          <testsuite name="| H1,H4,D1,D8,D9 | 1のワンペア |" time="0.002">
            <testcase name="前提手札にH1,H4,D1,D8,D9が配られた" classname="前提手札にH1,H4,D1,D8,D9が配られた" time="0.001"/>
            <testcase name="もしチェンジしない" classname="もしチェンジしない" time="0.001"/>
            <testcase name="ならば1のワンペアであるべき" classname="ならば1のワンペアであるべき" time="0.0"/>
          </testsuite>
          <testsuite name="| H3,H9,D1,D8,D9 | 9のワンペア |" time="0.002">
            <testcase name="前提手札にH3,H9,D1,D8,D9が配られた" classname="前提手札にH3,H9,D1,D8,D9が配られた" time="0.001"/>
            <testcase name="もしチェンジしない" classname="もしチェンジしない" time="0.001"/>
            <testcase name="ならば9のワンペアであるべき" classname="ならば9のワンペアであるべき" time="0.0"/>
          </testsuite>
          <testsuite name="| H3,H9,D1,D9,D9 | 9のスリーカード |" time="0.015" incomplete="true">
            <error>cucumber.runtime.CucumberException: Can't invoke cucumber.poker.PokerGameStepDefs.スリーカードであるべき(int) in file:/Users/MatsukuboYuto/git/JunitCucumberPractice/poker/target/test-classes/
	at cucumber.runtime.Utils.invoke(Utils.java:38)
	at cucumber.runtime.java.JavaStepDefinition.execute(JavaStepDefinition.java:30)
	at cucumber.runtime.StepDefinitionMatch.runStep(StepDefinitionMatch.java:45)
	at cucumber.runtime.Runtime.runStep(Runtime.java:248)
	at cucumber.runtime.model.StepContainer.runStep(StepContainer.java:44)
	at cucumber.runtime.model.StepContainer.runSteps(StepContainer.java:39)
	at cucumber.runtime.model.CucumberScenario.run(CucumberScenario.java:36)
	at cucumber.junit.ExecutionUnitRunner.run(ExecutionUnitRunner.java:76)
	at org.junit.runners.Suite.runChild(Suite.java:128)
	at org.junit.runners.Suite.runChild(Suite.java:24)
	at org.junit.runners.ParentRunner$3.run(ParentRunner.java:231)
	at org.junit.runners.ParentRunner$1.schedule(ParentRunner.java:60)
	at org.junit.runners.ParentRunner.runChildren(ParentRunner.java:229)
	at org.junit.runners.ParentRunner.access$000(ParentRunner.java:50)
	at org.junit.runners.ParentRunner$2.evaluate(ParentRunner.java:222)
	at org.junit.runners.ParentRunner.run(ParentRunner.java:300)
	at org.junit.runners.Suite.runChild(Suite.java:128)
	at org.junit.runners.Suite.runChild(Suite.java:24)
	at org.junit.runners.ParentRunner$3.run(ParentRunner.java:231)
	at org.junit.runners.ParentRunner$1.schedule(ParentRunner.java:60)
	at org.junit.runners.ParentRunner.runChildren(ParentRunner.java:229)
	at org.junit.runners.ParentRunner.access$000(ParentRunner.java:50)
	at org.junit.runners.ParentRunner$2.evaluate(ParentRunner.java:222)
	at org.junit.runners.ParentRunner.run(ParentRunner.java:300)
	at cucumber.junit.FeatureRunner.runChild(FeatureRunner.java:65)
	at cucumber.junit.FeatureRunner.runChild(FeatureRunner.java:20)
	at org.junit.runners.ParentRunner$3.run(ParentRunner.java:231)
	at org.junit.runners.ParentRunner$1.schedule(ParentRunner.java:60)
	at org.junit.runners.ParentRunner.runChildren(ParentRunner.java:229)
	at org.junit.runners.ParentRunner.access$000(ParentRunner.java:50)
	at org.junit.runners.ParentRunner$2.evaluate(ParentRunner.java:222)
	at org.junit.runners.ParentRunner.run(ParentRunner.java:300)
	at cucumber.junit.FeatureRunner.run(FeatureRunner.java:72)
	at cucumber.junit.Cucumber.runChild(Cucumber.java:76)
	at cucumber.junit.Cucumber.runChild(Cucumber.java:36)
	at org.junit.runners.ParentRunner$3.run(ParentRunner.java:231)
	at org.junit.runners.ParentRunner$1.schedule(ParentRunner.java:60)
	at org.junit.runners.ParentRunner.runChildren(ParentRunner.java:229)
	at org.junit.runners.ParentRunner.access$000(ParentRunner.java:50)
	at org.junit.runners.ParentRunner$2.evaluate(ParentRunner.java:222)
	at org.junit.runners.ParentRunner.run(ParentRunner.java:300)
	at cucumber.junit.Cucumber.run(Cucumber.java:81)
	at org.eclipse.jdt.internal.junit4.runner.JUnit4TestReference.run(JUnit4TestReference.java:50)
	at org.eclipse.jdt.internal.junit.runner.TestExecution.run(TestExecution.java:38)
	at org.eclipse.jdt.internal.junit.runner.RemoteTestRunner.runTests(RemoteTestRunner.java:467)
	at org.eclipse.jdt.internal.junit.runner.RemoteTestRunner.runTests(RemoteTestRunner.java:683)
	at org.eclipse.jdt.internal.junit.runner.RemoteTestRunner.run(RemoteTestRunner.java:390)
	at org.eclipse.jdt.internal.junit.runner.RemoteTestRunner.main(RemoteTestRunner.java:197)
Caused by: java.lang.AssertionError: 
Expected: &lt;cucumber.poker.Pat$ThreeCard@673dd208&gt;
     got: &lt;cucumber.poker.Pat$OnePair@ba8402c&gt;

	at org.junit.Assert.assertThat(Assert.java:780)
	at org.junit.Assert.assertThat(Assert.java:738)
	at cucumber.poker.PokerGameStepDefs.スリーカードであるべき(PokerGameStepDefs.java:49)
	at sun.reflect.NativeMethodAccessorImpl.invoke0(Native Method)
	at sun.reflect.NativeMethodAccessorImpl.invoke(NativeMethodAccessorImpl.java:39)
	at sun.reflect.DelegatingMethodAccessorImpl.invoke(DelegatingMethodAccessorImpl.java:25)
	at java.lang.reflect.Method.invoke(Method.java:597)
	at cucumber.runtime.Utils.invoke(Utils.java:34)
	... 47 more

</error>
            <testcase name="前提手札にH3,H9,D1,D9,D9が配られた" classname="前提手札にH3,H9,D1,D9,D9が配られた" time="0.001"/>
            <testcase name="もしチェンジしない" classname="もしチェンジしない" time="0.007"/>
            <testcase name="ならば9のスリーカードであるべき" classname="ならば9のスリーカードであるべき" time="0.007">
              <error>cucumber.runtime.CucumberException: Can't invoke cucumber.poker.PokerGameStepDefs.スリーカードであるべき(int) in file:/Users/MatsukuboYuto/git/JunitCucumberPractice/poker/target/test-classes/
	at cucumber.runtime.Utils.invoke(Utils.java:38)
	at cucumber.runtime.java.JavaStepDefinition.execute(JavaStepDefinition.java:30)
	at cucumber.runtime.StepDefinitionMatch.runStep(StepDefinitionMatch.java:45)
	at cucumber.runtime.Runtime.runStep(Runtime.java:248)
	at cucumber.runtime.model.StepContainer.runStep(StepContainer.java:44)
	at cucumber.runtime.model.StepContainer.runSteps(StepContainer.java:39)
	at cucumber.runtime.model.CucumberScenario.run(CucumberScenario.java:36)
	at cucumber.junit.ExecutionUnitRunner.run(ExecutionUnitRunner.java:76)
	at org.junit.runners.Suite.runChild(Suite.java:128)
	at org.junit.runners.Suite.runChild(Suite.java:24)
	at org.junit.runners.ParentRunner$3.run(ParentRunner.java:231)
	at org.junit.runners.ParentRunner$1.schedule(ParentRunner.java:60)
	at org.junit.runners.ParentRunner.runChildren(ParentRunner.java:229)
	at org.junit.runners.ParentRunner.access$000(ParentRunner.java:50)
	at org.junit.runners.ParentRunner$2.evaluate(ParentRunner.java:222)
	at org.junit.runners.ParentRunner.run(ParentRunner.java:300)
	at org.junit.runners.Suite.runChild(Suite.java:128)
	at org.junit.runners.Suite.runChild(Suite.java:24)
	at org.junit.runners.ParentRunner$3.run(ParentRunner.java:231)
	at org.junit.runners.ParentRunner$1.schedule(ParentRunner.java:60)
	at org.junit.runners.ParentRunner.runChildren(ParentRunner.java:229)
	at org.junit.runners.ParentRunner.access$000(ParentRunner.java:50)
	at org.junit.runners.ParentRunner$2.evaluate(ParentRunner.java:222)
	at org.junit.runners.ParentRunner.run(ParentRunner.java:300)
	at cucumber.junit.FeatureRunner.runChild(FeatureRunner.java:65)
	at cucumber.junit.FeatureRunner.runChild(FeatureRunner.java:20)
	at org.junit.runners.ParentRunner$3.run(ParentRunner.java:231)
	at org.junit.runners.ParentRunner$1.schedule(ParentRunner.java:60)
	at org.junit.runners.ParentRunner.runChildren(ParentRunner.java:229)
	at org.junit.runners.ParentRunner.access$000(ParentRunner.java:50)
	at org.junit.runners.ParentRunner$2.evaluate(ParentRunner.java:222)
	at org.junit.runners.ParentRunner.run(ParentRunner.java:300)
	at cucumber.junit.FeatureRunner.run(FeatureRunner.java:72)
	at cucumber.junit.Cucumber.runChild(Cucumber.java:76)
	at cucumber.junit.Cucumber.runChild(Cucumber.java:36)
	at org.junit.runners.ParentRunner$3.run(ParentRunner.java:231)
	at org.junit.runners.ParentRunner$1.schedule(ParentRunner.java:60)
	at org.junit.runners.ParentRunner.runChildren(ParentRunner.java:229)
	at org.junit.runners.ParentRunner.access$000(ParentRunner.java:50)
	at org.junit.runners.ParentRunner$2.evaluate(ParentRunner.java:222)
	at org.junit.runners.ParentRunner.run(ParentRunner.java:300)
	at cucumber.junit.Cucumber.run(Cucumber.java:81)
	at org.eclipse.jdt.internal.junit4.runner.JUnit4TestReference.run(JUnit4TestReference.java:50)
	at org.eclipse.jdt.internal.junit.runner.TestExecution.run(TestExecution.java:38)
	at org.eclipse.jdt.internal.junit.runner.RemoteTestRunner.runTests(RemoteTestRunner.java:467)
	at org.eclipse.jdt.internal.junit.runner.RemoteTestRunner.runTests(RemoteTestRunner.java:683)
	at org.eclipse.jdt.internal.junit.runner.RemoteTestRunner.run(RemoteTestRunner.java:390)
	at org.eclipse.jdt.internal.junit.runner.RemoteTestRunner.main(RemoteTestRunner.java:197)
Caused by: java.lang.AssertionError: 
Expected: &lt;cucumber.poker.Pat$ThreeCard@673dd208&gt;
     got: &lt;cucumber.poker.Pat$OnePair@ba8402c&gt;

	at org.junit.Assert.assertThat(Assert.java:780)
	at org.junit.Assert.assertThat(Assert.java:738)
	at cucumber.poker.PokerGameStepDefs.スリーカードであるべき(PokerGameStepDefs.java:49)
	at sun.reflect.NativeMethodAccessorImpl.invoke0(Native Method)
	at sun.reflect.NativeMethodAccessorImpl.invoke(NativeMethodAccessorImpl.java:39)
	at sun.reflect.DelegatingMethodAccessorImpl.invoke(DelegatingMethodAccessorImpl.java:25)
	at java.lang.reflect.Method.invoke(Method.java:597)
	at cucumber.runtime.Utils.invoke(Utils.java:34)
	... 47 more

</error>
            </testcase>
          </testsuite>
        </testsuite>
      </testsuite>
    </testsuite>
  </testsuite>
</testrun>
